d:\mfcprojects\myapp\demo01\demo01\debug\demo01.pch
d:\mfcprojects\myapp\demo01\demo01\debug\vc140.pdb
d:\mfcprojects\myapp\demo01\demo01\debug\vc140.idb
d:\mfcprojects\myapp\demo01\demo01\debug\stdafx.obj
d:\mfcprojects\myapp\demo01\demo01\debug\demo01.obj
d:\mfcprojects\myapp\demo01\demo01\debug\demo01dlg.obj
d:\mfcprojects\myapp\demo01\demo01\debug\editor1.obj
d:\mfcprojects\myapp\demo01\demo01\debug\demo01.res
d:\mfcprojects\myapp\demo01\debug\demo01.pdb
d:\mfcprojects\myapp\demo01\debug\demo01.exe
d:\mfcprojects\myapp\demo01\debug\demo01.ilk
d:\mfcprojects\myapp\demo01\demo01\debug\demo01.tlog\cl.command.1.tlog
d:\mfcprojects\myapp\demo01\demo01\debug\demo01.tlog\cl.read.1.tlog
d:\mfcprojects\myapp\demo01\demo01\debug\demo01.tlog\cl.write.1.tlog
d:\mfcprojects\myapp\demo01\demo01\debug\demo01.tlog\link.command.1.tlog
d:\mfcprojects\myapp\demo01\demo01\debug\demo01.tlog\link.read.1.tlog
d:\mfcprojects\myapp\demo01\demo01\debug\demo01.tlog\link.write.1.tlog
d:\mfcprojects\myapp\demo01\demo01\debug\demo01.tlog\rc.command.1.tlog
d:\mfcprojects\myapp\demo01\demo01\debug\demo01.tlog\rc.read.1.tlog
d:\mfcprojects\myapp\demo01\demo01\debug\demo01.tlog\rc.write.1.tlog
